<?xml version="1.0" encoding="UTF-8"?>
<!-- Generated by org.testng.reporters.JUnitXMLReporter -->
<testsuite ignored="0" hostname="ERMINA-PRECISION" failures="0" tests="11" name="Default test" time="21.937" errors="0" timestamp="2023-04-24T20:09:39 PDT">
  <testcase classname="co.edureka.devops.FlipkartTest" name="closeLoginModal" time="0.076"/>
  <testcase classname="co.edureka.devops.FlipkartTest" name="hoverOnElectronicsMenu" time="0.718"/>
  <testcase classname="co.edureka.devops.FlipkartTest" name="verifyLatestFromMI" time="4.07"/>
  <testcase classname="co.edureka.devops.FlipkartTest" name="changePriceSlider" time="0.456"/>
  <testcase classname="co.edureka.devops.FlipkartTest" name="searchProduct" time="0.083"/>
  <testcase classname="co.edureka.devops.FlipkartTest" name="clickOnFirstProduct" time="0.874"/>
  <testcase classname="co.edureka.devops.FlipkartTest" name="verifyProductAmount" time="2.158"/>
  <testcase classname="co.edureka.devops.FlipkartTest" name="playProductVideo" time="8.792"/>
  <testcase classname="co.edureka.devops.FlipkartTest" name="enterDeliveryPincode" time="0.109"/>
  <testcase classname="co.edureka.devops.FlipkartTest" name="verifyModalPopup" time="0.153"/>
  <testcase classname="co.edureka.devops.FlipkartTest" name="addToCart" time="0.053"/>
</testsuite> <!-- Default test -->
