<?xml version="1.0" encoding="UTF-8"?>
<!-- Generated by org.testng.reporters.JUnitXMLReporter -->
<testsuite ignored="0" hostname="ERMINA-PRECISION" failures="0" tests="11" name="FlipKartProject" time="22.809" errors="0" timestamp="2023-04-24T20:06:59 PDT">
  <testcase classname="co.edureka.devops.FlipkartTest" name="closeLoginModal" time="0.081"/>
  <testcase classname="co.edureka.devops.FlipkartTest" name="hoverOnElectronicsMenu" time="0.664"/>
  <testcase classname="co.edureka.devops.FlipkartTest" name="verifyLatestFromMI" time="4.156"/>
  <testcase classname="co.edureka.devops.FlipkartTest" name="changePriceSlider" time="0.467"/>
  <testcase classname="co.edureka.devops.FlipkartTest" name="searchProduct" time="0.083"/>
  <testcase classname="co.edureka.devops.FlipkartTest" name="clickOnFirstProduct" time="1.101"/>
  <testcase classname="co.edureka.devops.FlipkartTest" name="verifyProductAmount" time="2.241"/>
  <testcase classname="co.edureka.devops.FlipkartTest" name="playProductVideo" time="8.815"/>
  <testcase classname="co.edureka.devops.FlipkartTest" name="enterDeliveryPincode" time="0.122"/>
  <testcase classname="co.edureka.devops.FlipkartTest" name="verifyModalPopup" time="0.147"/>
  <testcase classname="co.edureka.devops.FlipkartTest" name="addToCart" time="0.052"/>
</testsuite> <!-- FlipKartProject -->
